INFO:2023-04-23 20:53:04,608: --- epoch 1 ---
INFO:2023-04-23 20:53:04,618: train/loss     : 16.8554
INFO:2023-04-23 20:53:04,634: train/f0       : 16.6690
INFO:2023-04-23 20:53:04,641: train/sil      : 0.1864
INFO:2023-04-23 20:53:04,641: train/learning_rate: 0.0003
INFO:2023-04-23 20:53:04,641: eval/loss      : 20.8818
INFO:2023-04-23 20:53:04,641: eval/f0        : 20.6858
INFO:2023-04-23 20:53:04,656: eval/sil       : 0.1960
INFO:2023-04-23 21:04:08,887: --- epoch 2 ---
INFO:2023-04-23 21:04:08,887: train/loss     : 14.0409
INFO:2023-04-23 21:04:08,887: train/f0       : 13.8970
INFO:2023-04-23 21:04:08,887: train/sil      : 0.1439
INFO:2023-04-23 21:04:08,903: train/learning_rate: 0.0003
INFO:2023-04-23 21:04:08,903: eval/loss      : 18.4956
INFO:2023-04-23 21:04:08,903: eval/f0        : 18.1819
INFO:2023-04-23 21:04:08,919: eval/sil       : 0.3137
INFO:2023-04-23 21:15:31,850: --- epoch 3 ---
INFO:2023-04-23 21:15:31,854: train/loss     : 12.3859
INFO:2023-04-23 21:15:31,868: train/f0       : 12.2480
INFO:2023-04-23 21:15:31,877: train/sil      : 0.1378
INFO:2023-04-23 21:15:31,879: train/learning_rate: 0.0003
INFO:2023-04-23 21:15:31,882: eval/loss      : 16.4645
INFO:2023-04-23 21:15:31,884: eval/f0        : 16.1615
INFO:2023-04-23 21:15:31,886: eval/sil       : 0.3030
INFO:2023-04-23 21:27:01,697: --- epoch 4 ---
INFO:2023-04-23 21:27:01,697: train/loss     : 10.5387
INFO:2023-04-23 21:27:01,728: train/f0       : 10.4039
INFO:2023-04-23 21:27:01,728: train/sil      : 0.1348
INFO:2023-04-23 21:27:01,744: train/learning_rate: 0.0003
INFO:2023-04-23 21:27:01,744: eval/loss      : 13.9417
INFO:2023-04-23 21:27:01,744: eval/f0        : 13.7721
INFO:2023-04-23 21:27:01,744: eval/sil       : 0.1695
INFO:2023-04-23 21:39:08,462: --- epoch 5 ---
INFO:2023-04-23 21:39:08,478: train/loss     : 9.0572
INFO:2023-04-23 21:39:08,478: train/f0       : 8.9237
INFO:2023-04-23 21:39:08,478: train/sil      : 0.1335
INFO:2023-04-23 21:39:08,478: train/learning_rate: 0.0003
INFO:2023-04-23 21:39:08,478: eval/loss      : 12.1613
INFO:2023-04-23 21:39:08,493: eval/f0        : 11.9943
INFO:2023-04-23 21:39:08,493: eval/sil       : 0.1670
INFO:2023-04-23 21:50:50,930: --- epoch 6 ---
INFO:2023-04-23 21:50:50,931: train/loss     : 7.8632
INFO:2023-04-23 21:50:50,933: train/f0       : 7.7271
INFO:2023-04-23 21:50:50,934: train/sil      : 0.1361
INFO:2023-04-23 21:50:50,936: train/learning_rate: 0.0003
INFO:2023-04-23 21:50:50,937: eval/loss      : 10.2699
INFO:2023-04-23 21:50:50,938: eval/f0        : 10.0848
INFO:2023-04-23 21:50:50,939: eval/sil       : 0.1851
